<?xml version="1.0" encoding="UTF-8"?>
<!-- Generated by org.testng.reporters.JUnitReportReporter -->
<testsuite hostname="DESKTOP-TE0J58I" failures="0" tests="2" name="CucumberOptions.TestRunner" time="1.726" errors="0" timestamp="2025-10-25T19:23:20 IST" skipped="0">
  <testcase classname="CucumberOptions.TestRunner" name="runScenario" time="1.627"/>
  <testcase classname="CucumberOptions.TestRunner" name="runScenario" time="0.099"/>
</testsuite> <!-- CucumberOptions.TestRunner -->
