<?xml version="1.0" encoding="UTF-8"?>
<!-- Generated by org.testng.reporters.JUnitReportReporter -->
<testsuite hostname="DESKTOP-TE0J58I" failures="0" tests="2" name="CucumberOptions.TestRunner" time="1.899" errors="0" timestamp="2025-10-26T11:17:04 IST" skipped="0">
  <testcase classname="CucumberOptions.TestRunner" name="runScenario" time="1.793"/>
  <testcase classname="CucumberOptions.TestRunner" name="runScenario" time="0.106"/>
</testsuite> <!-- CucumberOptions.TestRunner -->
