<?xml version="1.0" encoding="UTF-8"?>
<!-- Generated by org.testng.reporters.JUnitReportReporter -->
<testsuite hostname="DESKTOP-TE0J58I" failures="0" tests="2" name="CucumberOptions.TestRunner" time="1.730" errors="0" timestamp="2025-10-25T18:51:12 IST" skipped="0">
  <testcase classname="CucumberOptions.TestRunner" name="runScenario" time="0.104"/>
  <testcase classname="CucumberOptions.TestRunner" name="runScenario" time="1.626"/>
</testsuite> <!-- CucumberOptions.TestRunner -->
